  AssetManager.cpp
  Game.cpp
  InputManager.cpp
C:\Users\owenp\source\repos\Flappy Bird\SFML Template\SFML Template\InputManager.cpp(11,129): warning C4244: 'argument': conversion from 'T' to 'T', possible loss of data
C:\Users\owenp\source\repos\Flappy Bird\SFML Template\SFML Template\InputManager.cpp(11,129): warning C4244:         with
C:\Users\owenp\source\repos\Flappy Bird\SFML Template\SFML Template\InputManager.cpp(11,129): warning C4244:         [
C:\Users\owenp\source\repos\Flappy Bird\SFML Template\SFML Template\InputManager.cpp(11,129): warning C4244:             T=float
C:\Users\owenp\source\repos\Flappy Bird\SFML Template\SFML Template\InputManager.cpp(11,129): warning C4244:         ]
C:\Users\owenp\source\repos\Flappy Bird\SFML Template\SFML Template\InputManager.cpp(11,129): warning C4244:         and
C:\Users\owenp\source\repos\Flappy Bird\SFML Template\SFML Template\InputManager.cpp(11,129): warning C4244:         [
C:\Users\owenp\source\repos\Flappy Bird\SFML Template\SFML Template\InputManager.cpp(11,129): warning C4244:             T=int
C:\Users\owenp\source\repos\Flappy Bird\SFML Template\SFML Template\InputManager.cpp(11,129): warning C4244:         ]
C:\Users\owenp\source\repos\Flappy Bird\SFML Template\SFML Template\InputManager.cpp(11,97): warning C4244: 'argument': conversion from 'T' to 'T', possible loss of data
C:\Users\owenp\source\repos\Flappy Bird\SFML Template\SFML Template\InputManager.cpp(11,97): warning C4244:         with
C:\Users\owenp\source\repos\Flappy Bird\SFML Template\SFML Template\InputManager.cpp(11,97): warning C4244:         [
C:\Users\owenp\source\repos\Flappy Bird\SFML Template\SFML Template\InputManager.cpp(11,97): warning C4244:             T=float
C:\Users\owenp\source\repos\Flappy Bird\SFML Template\SFML Template\InputManager.cpp(11,97): warning C4244:         ]
C:\Users\owenp\source\repos\Flappy Bird\SFML Template\SFML Template\InputManager.cpp(11,97): warning C4244:         and
C:\Users\owenp\source\repos\Flappy Bird\SFML Template\SFML Template\InputManager.cpp(11,97): warning C4244:         [
C:\Users\owenp\source\repos\Flappy Bird\SFML Template\SFML Template\InputManager.cpp(11,97): warning C4244:             T=int
C:\Users\owenp\source\repos\Flappy Bird\SFML Template\SFML Template\InputManager.cpp(11,97): warning C4244:         ]
C:\Users\owenp\source\repos\Flappy Bird\SFML Template\SFML Template\InputManager.cpp(11,69): warning C4244: 'argument': conversion from 'const T' to 'T', possible loss of data
C:\Users\owenp\source\repos\Flappy Bird\SFML Template\SFML Template\InputManager.cpp(11,69): warning C4244:         with
C:\Users\owenp\source\repos\Flappy Bird\SFML Template\SFML Template\InputManager.cpp(11,69): warning C4244:         [
C:\Users\owenp\source\repos\Flappy Bird\SFML Template\SFML Template\InputManager.cpp(11,69): warning C4244:             T=float
C:\Users\owenp\source\repos\Flappy Bird\SFML Template\SFML Template\InputManager.cpp(11,69): warning C4244:         ]
C:\Users\owenp\source\repos\Flappy Bird\SFML Template\SFML Template\InputManager.cpp(11,69): warning C4244:         and
C:\Users\owenp\source\repos\Flappy Bird\SFML Template\SFML Template\InputManager.cpp(11,69): warning C4244:         [
C:\Users\owenp\source\repos\Flappy Bird\SFML Template\SFML Template\InputManager.cpp(11,69): warning C4244:             T=int
C:\Users\owenp\source\repos\Flappy Bird\SFML Template\SFML Template\InputManager.cpp(11,69): warning C4244:         ]
  main.cpp
  StateMachine.cpp
  Generating Code...
C:\Users\owenp\source\repos\Flappy Bird\SFML Template\SFML Template\InputManager.cpp(11,45): warning C4244: 'argument': conversion from 'const T' to 'T', possible loss of data
C:\Users\owenp\source\repos\Flappy Bird\SFML Template\SFML Template\InputManager.cpp(11,45): warning C4244:         with
C:\Users\owenp\source\repos\Flappy Bird\SFML Template\SFML Template\InputManager.cpp(11,45): warning C4244:         [
C:\Users\owenp\source\repos\Flappy Bird\SFML Template\SFML Template\InputManager.cpp(11,45): warning C4244:             T=float
C:\Users\owenp\source\repos\Flappy Bird\SFML Template\SFML Template\InputManager.cpp(11,45): warning C4244:         ]
C:\Users\owenp\source\repos\Flappy Bird\SFML Template\SFML Template\InputManager.cpp(11,45): warning C4244:         and
C:\Users\owenp\source\repos\Flappy Bird\SFML Template\SFML Template\InputManager.cpp(11,45): warning C4244:         [
C:\Users\owenp\source\repos\Flappy Bird\SFML Template\SFML Template\InputManager.cpp(11,45): warning C4244:             T=int
C:\Users\owenp\source\repos\Flappy Bird\SFML Template\SFML Template\InputManager.cpp(11,45): warning C4244:         ]
  SFML Template.vcxproj -> C:\Users\owenp\source\repos\Flappy Bird\SFML Template\Debug\SFML Template.exe
